<?xml version="1.0" encoding="UTF-8"?>
<testng-results ignored="0" total="1" passed="1" failed="0" skipped="0">
  <reporter-output>
  </reporter-output>
  <suite started-at="2024-12-27T12:17:25 IST" name="Suite" finished-at="2024-12-27T12:18:21 IST" duration-ms="55686">
    <groups>
    </groups>
    <test started-at="2024-12-27T12:17:25 IST" name="Test" finished-at="2024-12-27T12:18:21 IST" duration-ms="55686">
      <class name="testCases.TC_001_AccountRegistrationTest">
        <test-method is-config="true" signature="setup()[pri:0, instance:testCases.TC_001_AccountRegistrationTest@28e8dde3]" started-at="2024-12-27T12:17:25 IST" name="setup" finished-at="2024-12-27T12:17:37 IST" duration-ms="11745" status="PASS">
          <reporter-output>
          </reporter-output>
        </test-method> <!-- setup -->
        <test-method signature="verify_account_registration()[pri:0, instance:testCases.TC_001_AccountRegistrationTest@28e8dde3]" started-at="2024-12-27T12:17:37 IST" name="verify_account_registration" finished-at="2024-12-27T12:18:20 IST" duration-ms="43326" status="PASS">
          <reporter-output>
          </reporter-output>
        </test-method> <!-- verify_account_registration -->
        <test-method is-config="true" signature="tearDown()[pri:0, instance:testCases.TC_001_AccountRegistrationTest@28e8dde3]" started-at="2024-12-27T12:18:20 IST" name="tearDown" finished-at="2024-12-27T12:18:21 IST" duration-ms="490" status="PASS">
          <reporter-output>
          </reporter-output>
        </test-method> <!-- tearDown -->
      </class> <!-- testCases.TC_001_AccountRegistrationTest -->
    </test> <!-- Test -->
  </suite> <!-- Suite -->
</testng-results>
