<?xml version="1.0" encoding="UTF-8"?>
<testng-results ignored="0" total="1" passed="1" failed="0" skipped="0">
  <reporter-output>
  </reporter-output>
  <suite started-at="2024-12-23T13:04:11 IST" name="Suite" finished-at="2024-12-23T13:05:01 IST" duration-ms="50165">
    <groups>
    </groups>
    <test started-at="2024-12-23T13:04:11 IST" name="Test" finished-at="2024-12-23T13:05:01 IST" duration-ms="50165">
      <class name="testCases.TC_001_AccountRegistrationTest">
        <test-method is-config="true" signature="setup()[pri:0, instance:testCases.TC_001_AccountRegistrationTest@35390ee3]" started-at="2024-12-23T13:04:11 IST" name="setup" finished-at="2024-12-23T13:04:16 IST" duration-ms="5634" status="PASS">
          <reporter-output>
          </reporter-output>
        </test-method> <!-- setup -->
        <test-method signature="verify_account_registration()[pri:0, instance:testCases.TC_001_AccountRegistrationTest@35390ee3]" started-at="2024-12-23T13:04:16 IST" name="verify_account_registration" finished-at="2024-12-23T13:05:01 IST" duration-ms="44092" status="PASS">
          <reporter-output>
          </reporter-output>
        </test-method> <!-- verify_account_registration -->
        <test-method is-config="true" signature="tearDown()[pri:0, instance:testCases.TC_001_AccountRegistrationTest@35390ee3]" started-at="2024-12-23T13:05:01 IST" name="tearDown" finished-at="2024-12-23T13:05:01 IST" duration-ms="335" status="PASS">
          <reporter-output>
          </reporter-output>
        </test-method> <!-- tearDown -->
      </class> <!-- testCases.TC_001_AccountRegistrationTest -->
    </test> <!-- Test -->
  </suite> <!-- Suite -->
</testng-results>
